INFO  time: initialize in 1.54s
WARN  no build tool detected in workspace 'C:\Users\USER\OneDrive\Desktop\FP\assignment 2'. The most common cause for this problem is that the editor was opened in the wrong working directory, for example if you use sbt then the workspace directory should contain build.sbt. 
WARN  no build target: C:\Users\USER\OneDrive\Desktop\FP\assignment 2\Q1\Q1.scala
WARN  no build target: C:\Users\USER\OneDrive\Desktop\FP\assignment 2\Q2\Q2.scala
WARN  no build target: C:\Users\USER\OneDrive\Desktop\FP\assignment 2\Q3\Q3.scala
WARN  no build target: C:\Users\USER\OneDrive\Desktop\FP\assignment 2\Q6\Q6.scala
WARN  no build target: C:\Users\USER\OneDrive\Desktop\FP\assignment 2\Q4\Q4.scala
WARN  no build target: C:\Users\USER\OneDrive\Desktop\FP\assignment 2\Q5\Q5.scala
INFO  no build target: using presentation compiler with only scala-library
WARN  no build target: C:\Users\USER\OneDrive\Desktop\FP\assignment 2\Q1\Q1.scala
WARN  no build target: 
WARN  no build target: 
WARN  no build target: C:\Users\USER\OneDrive\Desktop\FP\assignment 2\Q1\Q1.scala
WARN  no build target: 
WARN  no build target: 
WARN  no build target: C:\Users\USER\OneDrive\Desktop\FP\assignment 2\Q6\Q6.scala
WARN  no build target: 
WARN  no build target: 
WARN  no build target: C:\Users\USER\OneDrive\Desktop\FP\assignment 2\Q2\Q2.scala
WARN  no build target: 
WARN  no build target: 
WARN  no build target: C:\Users\USER\OneDrive\Desktop\FP\assignment 2\Q6\Q6.scala
INFO  shutting down Metals
INFO  time: initialize in 0.72s
WARN  no build tool detected in workspace 'C:\Users\USER\OneDrive\Desktop\FP\assignment 2'. The most common cause for this problem is that the editor was opened in the wrong working directory, for example if you use sbt then the workspace directory should contain build.sbt. 
WARN  no build target: C:\Users\USER\OneDrive\Desktop\FP\assignment 2\Q1\Q1.scala
WARN  no build target: C:\Users\USER\OneDrive\Desktop\FP\assignment 2\Q2\Q2.scala
WARN  no build target: C:\Users\USER\OneDrive\Desktop\FP\assignment 2\Q3\Q3.scala
WARN  no build target: C:\Users\USER\OneDrive\Desktop\FP\assignment 2\Q4\Q4.scala
WARN  no build target: C:\Users\USER\OneDrive\Desktop\FP\assignment 2\Q5\Q5.scala
WARN  no build target: C:\Users\USER\OneDrive\Desktop\FP\assignment 2\Q6\Q6.scala
WARN  no build target: C:\Users\USER\OneDrive\Desktop\FP\assignment 2\Q2\Q2.scala
[0m2021.07.19 22:00:05 INFO  Started: Metals version 0.10.5 in workspace 'C:\Users\USER\OneDrive\Desktop\FP\assignment 2' for client Visual Studio Code 1.58.0.[0m
[0m2021.07.19 22:00:08 INFO  time: initialize in 2.31s[0m
[0m2021.07.19 22:00:08 WARN  resetting database: C:\Users\USER\OneDrive\Desktop\FP\assignment 2\.metals\metals.h2.db[0m
[0m2021.07.19 22:00:09 WARN  Build server is not auto-connectable.[0m
[0m2021.07.19 22:00:09 WARN  no build tool detected in workspace 'C:\Users\USER\OneDrive\Desktop\FP\assignment 2'. The most common cause for this problem is that the editor was opened in the wrong working directory, for example if you use sbt then the workspace directory should contain build.sbt. [0m
[0m2021.07.19 22:00:09 WARN  no build target for: C:\Users\USER\OneDrive\Desktop\FP\assignment 2\Q2\Q2.scala[0m
[0m2021.07.19 22:00:31 INFO  no build target: using presentation compiler with only scala-library: 2.12.14[0m
[0m2021.07.19 22:00:39 INFO  time: code lens generation in 28s[0m
INFO  no build target: using presentation compiler with only scala-library
Jul 19, 2021 10:01:21 PM org.eclipse.lsp4j.jsonrpc.services.GenericEndpoint notify
INFO: Unsupported notification method: $/setTrace
Jul 19, 2021 10:03:43 PM org.eclipse.lsp4j.jsonrpc.RemoteEndpoint handleCancellation
WARNING: Unmatched cancel notification for request id 20
[0m2021.07.19 22:03:51 WARN  no build target for: C:\Users\USER\OneDrive\Desktop\FP\assignment 2\Q2\Q2.scala[0m
[0m2021.07.19 22:03:55 WARN  no build target for: C:\Users\USER\OneDrive\Desktop\FP\assignment 2\Q1\Q1.scala[0m
WARN  no build target: C:\Users\USER\OneDrive\Desktop\FP\assignment 2\Q2\Q2.scala
WARN  no build target: C:\Users\USER\OneDrive\Desktop\FP\assignment 2\Q1\Q1.scala
WARN  no build target: 
WARN  no build target: 
WARN  no build target: C:\Users\USER\OneDrive\Desktop\FP\assignment 2\Q1\Q1.scala
WARN  no build target: 
WARN  no build target: 
WARN  no build target: C:\Users\USER\OneDrive\Desktop\FP\assignment 2\Q1\Q1.scala
WARN  no build target: 
WARN  no build target: 
WARN  no build tool detected in workspace 'C:\Users\USER\OneDrive\Desktop\FP\assignment 2'. The most common cause for this problem is that the editor was opened in the wrong working directory, for example if you use sbt then the workspace directory should contain build.sbt. 
WARN  no build target: C:\Users\USER\OneDrive\Desktop\FP\assignment 2\Q1\Q1.scala
WARN  no build target: 
Jul 19, 2021 10:13:51 PM org.eclipse.lsp4j.jsonrpc.RemoteEndpoint fallbackResponseError
SEVERE: Internal error: java.lang.IllegalArgumentException: 25 is not a valid line number, allowed [0..14]
java.util.concurrent.CompletionException: java.lang.IllegalArgumentException: 25 is not a valid line number, allowed [0..14]
	at java.util.concurrent.CompletableFuture.encodeThrowable(CompletableFuture.java:292)
	at java.util.concurrent.CompletableFuture.completeThrowable(CompletableFuture.java:308)
	at java.util.concurrent.CompletableFuture.uniAccept(CompletableFuture.java:647)
	at java.util.concurrent.CompletableFuture$UniAccept.tryFire(CompletableFuture.java:632)
	at java.util.concurrent.CompletableFuture.postComplete(CompletableFuture.java:474)
	at java.util.concurrent.CompletableFuture.completeExceptionally(CompletableFuture.java:1977)
	at scala.meta.internal.metals.CancelTokens$.$anonfun$future$1(CancelTokens.scala:40)
	at scala.meta.internal.metals.CancelTokens$.$anonfun$future$1$adapted(CancelTokens.scala:38)
	at scala.concurrent.impl.CallbackRunnable.run(Promise.scala:64)
	at java.util.concurrent.ThreadPoolExecutor.runWorker(ThreadPoolExecutor.java:1149)
	at java.util.concurrent.ThreadPoolExecutor$Worker.run(ThreadPoolExecutor.java:624)
	at java.lang.Thread.run(Thread.java:748)
Caused by: java.lang.IllegalArgumentException: 25 is not a valid line number, allowed [0..14]
	at scala.meta.internal.inputs.InternalInput.lineToOffset(InternalInput.scala:37)
	at scala.meta.internal.inputs.InternalInput.lineToOffset$(InternalInput.scala:32)
	at scala.meta.inputs.Input$VirtualFile.lineToOffset(Input.scala:80)
	at scala.meta.inputs.Position$Range$.apply(Position.scala:59)
	at scala.meta.internal.mtags.MtagsEnrichments$XtensionPositionLspInverse.toMeta(MtagsEnrichments.scala:121)
	at scala.meta.internal.parsing.Trees.$anonfun$findLastEnclosingAt$5(Trees.scala:71)
	at scala.Option.flatMap(Option.scala:271)
	at scala.meta.internal.parsing.Trees.findLastEnclosingAt(Trees.scala:70)
	at scala.meta.internal.metals.codeactions.InsertInferredType.$anonfun$contribute$1(InsertInferredType.scala:70)
	at scala.concurrent.Future$.$anonfun$apply$1(Future.scala:659)
	at scala.util.Success.$anonfun$map$1(Try.scala:255)
	at scala.util.Success.map(Try.scala:213)
	at scala.concurrent.Future.$anonfun$map$1(Future.scala:292)
	at scala.concurrent.impl.Promise.liftedTree1$1(Promise.scala:33)
	at scala.concurrent.impl.Promise.$anonfun$transform$1(Promise.scala:33)
	... 4 more

WARN  no build target: 
[0m2021.07.19 22:13:53 INFO  time: code lens generation in 1.8s[0m
WARN  no build tool detected in workspace 'C:\Users\USER\OneDrive\Desktop\FP\assignment 2'. The most common cause for this problem is that the editor was opened in the wrong working directory, for example if you use sbt then the workspace directory should contain build.sbt. 
WARN  no build target: C:\Users\USER\OneDrive\Desktop\FP\assignment 2\Q2\Q2.scala
WARN  no build target: 
WARN  no build target: 
[0m2021.07.19 22:16:43 INFO  shutting down Metals[0m
WARN  no build target: C:\Users\USER\OneDrive\Desktop\FP\assignment 2\Q3\Q3.scala
WARN  no build target: C:\Users\USER\OneDrive\Desktop\FP\assignment 2\Q3\Q3.scala
WARN  no build target: C:\Users\USER\OneDrive\Desktop\FP\assignment 2\Q3\Q3.scala
WARN  no build target: 
WARN  no build target: 
WARN  no build target: C:\Users\USER\OneDrive\Desktop\FP\assignment 2\Q1\Q1.scala
WARN  no build target: 
WARN  no build target: 
WARN  no build target: C:\Users\USER\OneDrive\Desktop\FP\assignment 2\Q1\Q1.scala
WARN  no build target: 
WARN  no build target: 
WARN  no build target: C:\Users\USER\OneDrive\Desktop\FP\assignment 2\Q1\Q1.scala
WARN  no build target: 
WARN  no build target: 
WARN  no build target: C:\Users\USER\OneDrive\Desktop\FP\assignment 2\Q2\Q2.scala
WARN  no build target: 
WARN  no build target: C:\Users\USER\OneDrive\Desktop\FP\assignment 2\Q2\Q2.scala
WARN  no build target: C:\Users\USER\OneDrive\Desktop\FP\assignment 2\Q3\Q3.scala
WARN  no build target: 
WARN  no build target: 
WARN  no build target: C:\Users\USER\OneDrive\Desktop\FP\assignment 2\Q4\Q4.scala
WARN  no build target: C:\Users\USER\OneDrive\Desktop\FP\assignment 2\Q4\Q4.scala
WARN  no build tool detected in workspace 'C:\Users\USER\OneDrive\Desktop\FP\assignment 2'. The most common cause for this problem is that the editor was opened in the wrong working directory, for example if you use sbt then the workspace directory should contain build.sbt. 
WARN  no build target: C:\Users\USER\OneDrive\Desktop\FP\assignment 2\Q4\Q4.scala
WARN  no build target: 
WARN  no build target: 
WARN  no build target: C:\Users\USER\OneDrive\Desktop\FP\assignment 2\Q5\Q5.scala
WARN  no build target: C:\Users\USER\OneDrive\Desktop\FP\assignment 2\Q5\Q5.scala
WARN  no build target: C:\Users\USER\OneDrive\Desktop\FP\assignment 2\Q5\Q5.scala
WARN  no build target: 
WARN  no build target: 
WARN  no build target: C:\Users\USER\OneDrive\Desktop\FP\assignment 2\Q5\Q5.scala
WARN  no build target: 
WARN  no build target: 
WARN  no build target: C:\Users\USER\OneDrive\Desktop\FP\assignment 2\Q6\Q6.scala
WARN  no build tool detected in workspace 'C:\Users\USER\OneDrive\Desktop\FP\assignment 2'. The most common cause for this problem is that the editor was opened in the wrong working directory, for example if you use sbt then the workspace directory should contain build.sbt. 
WARN  no build tool detected in workspace 'C:\Users\USER\OneDrive\Desktop\FP\assignment 2'. The most common cause for this problem is that the editor was opened in the wrong working directory, for example if you use sbt then the workspace directory should contain build.sbt. 
WARN  no build target: C:\Users\USER\OneDrive\Desktop\FP\assignment 2\Q6\Q6.scala
WARN  no build target: 
WARN  no build target: 
WARN  no build tool detected in workspace 'C:\Users\USER\OneDrive\Desktop\FP\assignment 2'. The most common cause for this problem is that the editor was opened in the wrong working directory, for example if you use sbt then the workspace directory should contain build.sbt. 
WARN  no build tool detected in workspace 'C:\Users\USER\OneDrive\Desktop\FP\assignment 2'. The most common cause for this problem is that the editor was opened in the wrong working directory, for example if you use sbt then the workspace directory should contain build.sbt. 
Jul 19, 2021 10:50:47 PM scala.meta.internal.pc.CompilerAccess retryWithCleanCompiler
INFO: compiler crashed due to an error in the Scala compiler, retrying with new compiler instance.
Jul 19, 2021 10:50:48 PM scala.meta.internal.pc.CompilerAccess handleError
SEVERE: null
java.lang.NullPointerException
	at scala.reflect.internal.Definitions$DefinitionsClass.isByNameParamType(Definitions.scala:416)
	at scala.reflect.internal.TreeInfo.isStableIdent(TreeInfo.scala:137)
	at scala.reflect.internal.TreeInfo.isStableIdentifier(TreeInfo.scala:113)
	at scala.reflect.internal.TreeInfo.isPath(TreeInfo.scala:102)
	at scala.reflect.internal.TreeInfo.admitsTypeSelection(TreeInfo.scala:155)
	at scala.tools.nsc.interactive.Global.stabilizedType(Global.scala:959)
	at scala.tools.nsc.interactive.Global.typedTreeAt(Global.scala:807)
	at scala.meta.internal.pc.HoverProvider.typedHoverTreeAt(HoverProvider.scala:230)
	at scala.meta.internal.pc.HoverProvider.hover(HoverProvider.scala:24)

WARN  no build tool detected in workspace 'C:\Users\USER\OneDrive\Desktop\FP\assignment 2'. The most common cause for this problem is that the editor was opened in the wrong working directory, for example if you use sbt then the workspace directory should contain build.sbt. 
WARN  no build target: C:\Users\USER\OneDrive\Desktop\FP\assignment 2\Q4\Q4.scala
WARN  no build target: 
WARN  no build target: 
Jul 19, 2021 10:55:04 PM scala.meta.internal.pc.Completions completionPosition
SEVERE: null
java.lang.NullPointerException
	at scala.meta.internal.pc.Completions$CompletionPosition$Override.<init>(Completions.scala:948)
	at scala.meta.internal.pc.Completions.completionPositionUnsafe(Completions.scala:467)
	at scala.meta.internal.pc.Completions.completionPositionUnsafe$(Completions.scala:387)
	at scala.meta.internal.pc.MetalsGlobal.completionPositionUnsafe(MetalsGlobal.scala:23)
	at scala.meta.internal.pc.Completions.completionPosition(Completions.scala:379)
	at scala.meta.internal.pc.Completions.completionPosition$(Completions.scala:364)
	at scala.meta.internal.pc.MetalsGlobal.completionPosition(MetalsGlobal.scala:23)
	at scala.meta.internal.pc.CompletionProvider.safeCompletionsAt(CompletionProvider.scala:397)
	at scala.meta.internal.pc.CompletionProvider.completions(CompletionProvider.scala:47)
	at scala.meta.internal.pc.ScalaPresentationCompiler.$anonfun$complete$1(ScalaPresentationCompiler.scala:86)
	at scala.meta.internal.pc.CompilerAccess.withSharedCompiler(CompilerAccess.scala:119)
	at scala.meta.internal.pc.CompilerAccess.$anonfun$withInterruptableCompiler$1(CompilerAccess.scala:76)
	at scala.meta.internal.pc.CompilerAccess.$anonfun$onCompilerJobQueue$1(CompilerAccess.scala:191)
	at scala.meta.internal.pc.CompilerJobQueue$Job.run(CompilerJobQueue.scala:73)
	at java.util.concurrent.ThreadPoolExecutor.runWorker(Unknown Source)
	at java.util.concurrent.ThreadPoolExecutor$Worker.run(Unknown Source)
	at java.lang.Thread.run(Unknown Source)

WARN  no build target: C:\Users\USER\OneDrive\Desktop\FP\assignment 2\Q4\Q4.scala
WARN  no build target: 
WARN  no build target: C:\Users\USER\OneDrive\Desktop\FP\assignment 2\Q4\Q4.scala
WARN  no build target: 
WARN  no build target: C:\Users\USER\OneDrive\Desktop\FP\assignment 2\Q4\Q4.scala
WARN  no build target: 
INFO  shutting down Metals
